Change Component Designator: Old Designator=C1 New Designator=C2
Change Component Designator: Old Designator=C2 New Designator=C1
Change Component Designator: Old Designator=C5 New Designator=C3
Change Component Designator: Old Designator=C6 New Designator=C4
Change Component Designator: Old Designator=C9 New Designator=C5
Change Component Designator: Old Designator=C10 New Designator=C6
Change Component Designator: Old Designator=C12 New Designator=C7
Change Component Designator: Old Designator=C15 New Designator=C12
Change Component Designator: Old Designator=C16 New Designator=C13
Change Component Designator: Old Designator=C17 New Designator=C14
Change Component Designator: Old Designator=C18 New Designator=C15
Change Component Designator: Old Designator=C20 New Designator=C11
Change Component Designator: Old Designator=C21 New Designator=C10
Change Component Designator: Old Designator=C22 New Designator=C17
Change Component Designator: Old Designator=C23 New Designator=C16
Change Component Designator: Old Designator=C25 New Designator=C18
Change Component Designator: Old Designator=C30 New Designator=C19
Change Component Designator: Old Designator=C33 New Designator=C24
Change Component Designator: Old Designator=C34 New Designator=C26
Change Component Designator: Old Designator=C35 New Designator=C25
Change Component Designator: Old Designator=C40 New Designator=C9
Change Component Designator: Old Designator=C41 New Designator=C8
Change Component Designator: Old Designator=C42 New Designator=C27
Change Component Designator: Old Designator=C44 New Designator=C23
Change Component Designator: Old Designator=C45 New Designator=C28
Change Component Designator: Old Designator=C46 New Designator=C22
Change Component Designator: Old Designator=C47 New Designator=C21
Change Component Designator: Old Designator=C48 New Designator=C20
Change Component Designator: Old Designator=C49 New Designator=C33
Change Component Designator: Old Designator=C50 New Designator=C34
Change Component Designator: Old Designator=C58 New Designator=C36
Change Component Designator: Old Designator=C67 New Designator=C43
Change Component Designator: Old Designator=C68 New Designator=C44
Change Component Designator: Old Designator=C76 New Designator=C35
Change Component Designator: Old Designator=C79 New Designator=C37
Change Component Designator: Old Designator=C80 New Designator=C38
Change Component Designator: Old Designator=C108 New Designator=C29
Change Component Designator: Old Designator=C109 New Designator=C30
Change Component Designator: Old Designator=C110 New Designator=C31
Change Component Designator: Old Designator=C111 New Designator=C32
Change Component Designator: Old Designator=C112 New Designator=C39
Change Component Designator: Old Designator=C113 New Designator=C40
Change Component Designator: Old Designator=C114 New Designator=C41
Change Component Designator: Old Designator=C115 New Designator=C42
Change Component Designator: Old Designator=D4 New Designator=D3
Change Component Designator: Old Designator=D5 New Designator=D4
Change Component Designator: Old Designator=D7 New Designator=D5
Change Component Designator: Old Designator=D8 New Designator=D7
Change Component Designator: Old Designator=D9 New Designator=D6
Change Component Designator: Old Designator=D10 New Designator=D8
Change Component Designator: Old Designator=D12 New Designator=D9
Change Component Designator: Old Designator=D14 New Designator=D10
Change Component Designator: Old Designator=D16 New Designator=D11
Change Component Designator: Old Designator=D18 New Designator=D12
Change Component Designator: Old Designator=D20 New Designator=D13
Change Component Designator: Old Designator=H0 New Designator=H7
Change Component Designator: Old Designator=HD3 New Designator=HD1
Change Component Designator: Old Designator=HD4 New Designator=HD2
Change Component Designator: Old Designator=HD11 New Designator=HD7
Change Component Designator: Old Designator=HD18 New Designator=HD9
Change Component Designator: Old Designator=HD24 New Designator=HD11
Change Component Designator: Old Designator=HD26 New Designator=HD10
Change Component Designator: Old Designator=HD28 New Designator=HD12
Change Component Designator: Old Designator=HD100 New Designator=HD3
Change Component Designator: Old Designator=HD101 New Designator=HD4
Change Component Designator: Old Designator=HD102 New Designator=HD6
Change Component Designator: Old Designator=HD103 New Designator=HD8
Change Component Designator: Old Designator=IC2 New Designator=IC1
Change Component Designator: Old Designator=IC7 New Designator=IC2
Change Component Designator: Old Designator=OP3 New Designator=OP2
Change Component Designator: Old Designator=OP4 New Designator=OP3
Change Component Designator: Old Designator=OP6 New Designator=OP4
Change Component Designator: Old Designator=OP8 New Designator=OP5
Change Component Designator: Old Designator=OP9 New Designator=OP6
Change Component Designator: Old Designator=OP11 New Designator=OP7
Change Component Designator: Old Designator=OP13 New Designator=OP8
Change Component Designator: Old Designator=OP14 New Designator=OP9
Change Component Designator: Old Designator=OP16 New Designator=OP10
Change Component Designator: Old Designator=OP18 New Designator=OP11
Change Component Designator: Old Designator=OP19 New Designator=OP12
Change Component Designator: Old Designator=R4 New Designator=R2
Change Component Designator: Old Designator=R5 New Designator=R3
Change Component Designator: Old Designator=R6 New Designator=R5
Change Component Designator: Old Designator=R7 New Designator=R6
Change Component Designator: Old Designator=R9 New Designator=R4
Change Component Designator: Old Designator=R11 New Designator=R7
Change Component Designator: Old Designator=R12 New Designator=R9
Change Component Designator: Old Designator=R13 New Designator=R8
Change Component Designator: Old Designator=R15 New Designator=R10
Change Component Designator: Old Designator=R18 New Designator=R11
Change Component Designator: Old Designator=R19 New Designator=R12
Change Component Designator: Old Designator=R21 New Designator=R14
Change Component Designator: Old Designator=R22 New Designator=R15
Change Component Designator: Old Designator=R23 New Designator=R13
Change Component Designator: Old Designator=R26 New Designator=R16
Change Component Designator: Old Designator=R27 New Designator=R17
Change Component Designator: Old Designator=R30 New Designator=R19
Change Component Designator: Old Designator=R32 New Designator=R20
Change Component Designator: Old Designator=R33 New Designator=R18
Change Component Designator: Old Designator=R34 New Designator=R21
Change Component Designator: Old Designator=R36 New Designator=R22
Change Component Designator: Old Designator=R38 New Designator=R23
Change Component Designator: Old Designator=R39 New Designator=R24
Change Component Designator: Old Designator=R41 New Designator=R25
Change Component Designator: Old Designator=R44 New Designator=R26
Change Component Designator: Old Designator=R45 New Designator=R28
Change Component Designator: Old Designator=R46 New Designator=R29
Change Component Designator: Old Designator=R47 New Designator=R27
Change Component Designator: Old Designator=R49 New Designator=R30
Change Component Designator: Old Designator=RN3 New Designator=RN2
Change Component Designator: Old Designator=U3 New Designator=U5
Change Component Designator: Old Designator=U7 New Designator=U6
Change Component Designator: Old Designator=U11 New Designator=U7
Change Component Designator: Old Designator=U100 - 74HC14 New Designator=U3
Change Component Designator: Old Designator=U101 - 74HC14 New Designator=U4
