Removed Pin From Net: NetName=ENC_B1 Pin=C29-2
Removed Pin From Net: NetName=ENC_A1 Pin=C30-2
Removed Pin From Net: NetName=ENC_B0 Pin=C31-2
Removed Pin From Net: NetName=ENC_A0 Pin=C32-2
Removed Pin From Net: NetName=ENC_B3 Pin=C39-2
Removed Pin From Net: NetName=ENC_A3 Pin=C40-2
Removed Pin From Net: NetName=ENC_B2 Pin=C41-2
Removed Pin From Net: NetName=ENC_A2 Pin=C42-2
Removed Pin From Net: NetName=IN_EN_A0 Pin=U6-3
Removed Pin From Net: NetName=IN_EN_B0 Pin=U6-4
Removed Pin From Net: NetName=IN_EN_A1 Pin=U6-5
Removed Pin From Net: NetName=IN_EN_B1 Pin=U6-6
Removed Pin From Net: NetName=ENC_B1 Pin=U6-18
Removed Pin From Net: NetName=ENC_A1 Pin=U6-19
Removed Pin From Net: NetName=ENC_B0 Pin=U6-20
Removed Pin From Net: NetName=ENC_A0 Pin=U6-21
Removed Pin From Net: NetName=IN_EN_A2 Pin=U7-3
Removed Pin From Net: NetName=IN_EN_B2 Pin=U7-4
Removed Pin From Net: NetName=IN_EN_A3 Pin=U7-5
Removed Pin From Net: NetName=IN_EN_B3 Pin=U7-6
Removed Pin From Net: NetName=ENC_B3 Pin=U7-18
Removed Pin From Net: NetName=ENC_A3 Pin=U7-19
Removed Pin From Net: NetName=ENC_B2 Pin=U7-20
Removed Pin From Net: NetName=ENC_A2 Pin=U7-21
Added Pin To Net: NetName=ENC_B0 Pin=C29-2
Added Pin To Net: NetName=ENC_A0 Pin=C30-2
Added Pin To Net: NetName=ENC_B1 Pin=C31-2
Added Pin To Net: NetName=ENC_A1 Pin=C32-2
Added Pin To Net: NetName=ENC_B2 Pin=C39-2
Added Pin To Net: NetName=ENC_A2 Pin=C40-2
Added Pin To Net: NetName=ENC_B3 Pin=C41-2
Added Pin To Net: NetName=ENC_A3 Pin=C42-2
Added Pin To Net: NetName=IN_EN_A1 Pin=U6-3
Added Pin To Net: NetName=IN_EN_B1 Pin=U6-4
Added Pin To Net: NetName=IN_EN_A0 Pin=U6-5
Added Pin To Net: NetName=IN_EN_B0 Pin=U6-6
Added Pin To Net: NetName=ENC_B0 Pin=U6-18
Added Pin To Net: NetName=ENC_A0 Pin=U6-19
Added Pin To Net: NetName=ENC_B1 Pin=U6-20
Added Pin To Net: NetName=ENC_A1 Pin=U6-21
Added Pin To Net: NetName=IN_EN_A3 Pin=U7-3
Added Pin To Net: NetName=IN_EN_B3 Pin=U7-4
Added Pin To Net: NetName=IN_EN_A2 Pin=U7-5
Added Pin To Net: NetName=IN_EN_B2 Pin=U7-6
Added Pin To Net: NetName=ENC_B2 Pin=U7-18
Added Pin To Net: NetName=ENC_A2 Pin=U7-19
Added Pin To Net: NetName=ENC_B3 Pin=U7-20
Added Pin To Net: NetName=ENC_A3 Pin=U7-21
Added Member To Class: ClassName=Main_Board Member=Component OP4 PC817
Added Member To Class: ClassName=Main_Board Member=Component U3 74HC14
